[0m13:08:18.079803 [debug] [MainThread]: Sending event: {'category': 'dbt', 'action': 'invocation', 'label': 'start', 'context': [<snowplow_tracker.self_describing_json.SelfDescribingJson object at 0x00000198CFAA6210>, <snowplow_tracker.self_describing_json.SelfDescribingJson object at 0x00000198CFAA73B0>, <snowplow_tracker.self_describing_json.SelfDescribingJson object at 0x00000198CFAA4BC0>]}


============================== 13:08:18.094339 | c02fad4c-dba3-473f-bda0-0f8009da441b ==============================
[0m13:08:18.094339 [info ] [MainThread]: Running with dbt=1.9.1
[0m13:08:18.096366 [debug] [MainThread]: running dbt with arguments {'printer_width': '80', 'indirect_selection': 'eager', 'log_cache_events': 'False', 'write_json': 'True', 'partial_parse': 'True', 'cache_selected_only': 'False', 'warn_error': 'None', 'debug': 'False', 'fail_fast': 'False', 'log_path': 'logs', 'version_check': 'True', 'profiles_dir': 'C:\\Users\\Yoni\\.dbt', 'use_colors': 'True', 'use_experimental_parser': 'False', 'no_print': 'None', 'quiet': 'False', 'empty': 'None', 'warn_error_options': 'WarnErrorOptions(include=[], exclude=[])', 'introspect': 'True', 'log_format': 'default', 'static_parser': 'True', 'target_path': 'None', 'invocation_command': 'dbt init medical_dbt', 'send_anonymous_usage_stats': 'True'}
[0m13:08:18.189928 [warn ] [MainThread]: [ConfigFolderDirectory]: Unable to parse logging event dictionary. Failed to parse dir field: expected string or bytes-like object, got 'WindowsPath'.. Dictionary: {'dir': WindowsPath('C:/Users/Yoni/.dbt')}
[0m13:08:18.192926 [info ] [MainThread]: Creating dbt configuration folder at 
[0m13:08:18.200811 [debug] [MainThread]: Starter project path: D:\Kifya_training\Week 7\EthioMart-Amharic-NER-System\venv\Lib\site-packages\dbt\include\starter_project
[0m13:08:18.294510 [info ] [MainThread]: 
Your new dbt project "medical_dbt" was created!

For more information on how to configure the profiles.yml file,
please consult the dbt documentation here:

  https://docs.getdbt.com/docs/configure-your-profile

One more thing:

Need help? Don't hesitate to reach out to us via GitHub issues or on Slack:

  https://community.getdbt.com/

Happy modeling!

[0m13:08:18.297499 [info ] [MainThread]: Setting up your profile.
[0m13:11:44.658205 [info ] [MainThread]: Profile medical_dbt written to C:\Users\Yoni\.dbt\profiles.yml using target's profile_template.yml and your supplied values. Run 'dbt debug' to validate the connection.
[0m13:11:44.666222 [debug] [MainThread]: Command `dbt init` succeeded at 13:11:44.665222 after 207.00 seconds
[0m13:11:44.670206 [debug] [MainThread]: Sending event: {'category': 'dbt', 'action': 'invocation', 'label': 'end', 'context': [<snowplow_tracker.self_describing_json.SelfDescribingJson object at 0x00000198D0145AC0>, <snowplow_tracker.self_describing_json.SelfDescribingJson object at 0x00000198D0145B20>, <snowplow_tracker.self_describing_json.SelfDescribingJson object at 0x00000198D0146360>]}
[0m13:11:44.691202 [debug] [MainThread]: Flushing usage events
[0m13:11:46.988382 [debug] [MainThread]: An error was encountered while trying to flush usage events
[0m13:22:59.703552 [debug] [MainThread]: Sending event: {'category': 'dbt', 'action': 'invocation', 'label': 'start', 'context': [<snowplow_tracker.self_describing_json.SelfDescribingJson object at 0x000001FC625D8DA0>, <snowplow_tracker.self_describing_json.SelfDescribingJson object at 0x000001FC6274CFB0>, <snowplow_tracker.self_describing_json.SelfDescribingJson object at 0x000001FC626FB3B0>]}


============================== 13:22:59.717117 | d2a83cd4-6ffc-4e5f-a830-ddd31c1b2f91 ==============================
[0m13:22:59.717117 [info ] [MainThread]: Running with dbt=1.9.1
[0m13:22:59.720118 [debug] [MainThread]: running dbt with arguments {'printer_width': '80', 'indirect_selection': 'eager', 'log_cache_events': 'False', 'write_json': 'True', 'partial_parse': 'True', 'cache_selected_only': 'False', 'profiles_dir': 'C:\\Users\\Yoni\\.dbt', 'version_check': 'True', 'warn_error': 'None', 'log_path': 'logs', 'debug': 'False', 'fail_fast': 'False', 'use_colors': 'True', 'use_experimental_parser': 'False', 'no_print': 'None', 'quiet': 'False', 'empty': 'None', 'warn_error_options': 'WarnErrorOptions(include=[], exclude=[])', 'static_parser': 'True', 'introspect': 'True', 'invocation_command': 'dbt init medical_dbt', 'target_path': 'None', 'log_format': 'default', 'send_anonymous_usage_stats': 'True'}
[0m13:22:59.808790 [info ] [MainThread]: A project called medical_dbt already exists here.
[0m13:22:59.811786 [debug] [MainThread]: Command `dbt init` succeeded at 13:22:59.811786 after 0.57 seconds
[0m13:22:59.813796 [debug] [MainThread]: Sending event: {'category': 'dbt', 'action': 'invocation', 'label': 'end', 'context': [<snowplow_tracker.self_describing_json.SelfDescribingJson object at 0x000001FC6274CFB0>, <snowplow_tracker.self_describing_json.SelfDescribingJson object at 0x000001FC5FC25940>, <snowplow_tracker.self_describing_json.SelfDescribingJson object at 0x000001FC5FC24980>]}
[0m13:22:59.814793 [debug] [MainThread]: Flushing usage events
[0m13:23:00.936039 [debug] [MainThread]: An error was encountered while trying to flush usage events
