2025-01-27 21:41:48,422 - my_logger - INFO - Starting EDA process...
2025-01-27 21:43:11,932 - my_logger - INFO - Data loaded successfully.
2025-01-27 21:43:36,494 - my_logger - INFO - Displaying the first 5 rows of the dataset:
2025-01-27 21:43:36,519 - my_logger - INFO - Dataset info:
2025-01-27 21:43:36,554 - my_logger - INFO - Missing values in the dataset:
2025-01-27 21:43:36,575 - my_logger - INFO - Basic statistics for numerical columns:
2025-01-27 21:45:39,158 - my_logger - INFO - Missing values after filling:
2025-01-27 21:46:34,324 - my_logger - INFO - Date-related features added:
2025-01-27 21:47:26,969 - my_logger - INFO - Message-related features added:
2025-01-27 21:50:40,518 - my_logger - INFO - Starting EDA process...
2025-01-27 21:50:40,518 - my_logger - INFO - Starting EDA process...
2025-01-27 21:50:42,863 - my_logger - INFO - Starting EDA process...
2025-01-27 21:50:42,863 - my_logger - INFO - Starting EDA process...
2025-01-27 21:50:42,863 - my_logger - INFO - Starting EDA process...
2025-01-27 21:50:46,683 - my_logger - INFO - Starting EDA process...
2025-01-27 21:50:46,683 - my_logger - INFO - Starting EDA process...
2025-01-27 21:50:46,683 - my_logger - INFO - Starting EDA process...
2025-01-27 21:50:46,683 - my_logger - INFO - Starting EDA process...
2025-01-27 21:50:47,364 - my_logger - INFO - Data loaded successfully.
2025-01-27 21:50:47,364 - my_logger - INFO - Data loaded successfully.
2025-01-27 21:50:47,364 - my_logger - INFO - Data loaded successfully.
2025-01-27 21:50:47,364 - my_logger - INFO - Data loaded successfully.
2025-01-27 21:50:47,414 - my_logger - INFO - Displaying the first 5 rows of the dataset:
2025-01-27 21:50:47,414 - my_logger - INFO - Displaying the first 5 rows of the dataset:
2025-01-27 21:50:47,414 - my_logger - INFO - Displaying the first 5 rows of the dataset:
2025-01-27 21:50:47,414 - my_logger - INFO - Displaying the first 5 rows of the dataset:
2025-01-27 21:50:47,442 - my_logger - INFO - Dataset info:
2025-01-27 21:50:47,442 - my_logger - INFO - Dataset info:
2025-01-27 21:50:47,442 - my_logger - INFO - Dataset info:
2025-01-27 21:50:47,442 - my_logger - INFO - Dataset info:
2025-01-27 21:50:47,458 - my_logger - INFO - Missing values in the dataset:
2025-01-27 21:50:47,458 - my_logger - INFO - Missing values in the dataset:
2025-01-27 21:50:47,458 - my_logger - INFO - Missing values in the dataset:
2025-01-27 21:50:47,458 - my_logger - INFO - Missing values in the dataset:
2025-01-27 21:50:47,494 - my_logger - INFO - Basic statistics for numerical columns:
2025-01-27 21:50:47,494 - my_logger - INFO - Basic statistics for numerical columns:
2025-01-27 21:50:47,494 - my_logger - INFO - Basic statistics for numerical columns:
2025-01-27 21:50:47,494 - my_logger - INFO - Basic statistics for numerical columns:
2025-01-27 21:50:47,675 - my_logger - INFO - Missing values after filling:
2025-01-27 21:50:47,675 - my_logger - INFO - Missing values after filling:
2025-01-27 21:50:47,675 - my_logger - INFO - Missing values after filling:
2025-01-27 21:50:47,675 - my_logger - INFO - Missing values after filling:
2025-01-27 21:50:47,768 - my_logger - INFO - Date-related features added:
2025-01-27 21:50:47,768 - my_logger - INFO - Date-related features added:
2025-01-27 21:50:47,768 - my_logger - INFO - Date-related features added:
2025-01-27 21:50:47,768 - my_logger - INFO - Date-related features added:
2025-01-27 21:50:47,952 - my_logger - INFO - Message-related features added:
2025-01-27 21:50:47,952 - my_logger - INFO - Message-related features added:
2025-01-27 21:50:47,952 - my_logger - INFO - Message-related features added:
2025-01-27 21:50:47,952 - my_logger - INFO - Message-related features added:
